<?xml version="1.0" encoding="utf-8"?>
<test-run id="2" testcasecount="2" result="Passed" total="2" passed="2" failed="0" inconclusive="0" skipped="0" asserts="0" engine-version="3.5.0.0" clr-version="4.0.30319.42000" start-time="2026-09-05 17:14:43Z" end-time="2026-09-05 17:14:49Z" duration="6,620977">
  <test-suite type="TestSuite" id="1008" name="Match3 Lab" fullname="Match3 Lab" runstate="Runnable" testcasecount="2" result="Passed" start-time="2026-09-05 17:14:43Z" end-time="2026-09-05 17:14:49Z" duration="6.620977" total="2" passed="2" failed="0" inconclusive="0" skipped="0" asserts="0">
    <properties>
      <property name="platform" value="PlayMode" />
    </properties>
    <test-suite type="Assembly" id="1004" name="Match3Lab.PlayModeTests.dll" fullname="C:/Users/forev/OneDrive/Belgeler/GitHub/match3-lab/unity/Library/ScriptAssemblies/Match3Lab.PlayModeTests.dll" runstate="Runnable" testcasecount="2" result="Passed" start-time="2026-09-05 17:14:43Z" end-time="2026-09-05 17:14:49Z" duration="6.612025" total="2" passed="2" failed="0" inconclusive="0" skipped="0" asserts="0">
      <properties>
        <property name="_PID" value="27484" />
        <property name="_APPDOMAIN" value="Unity Child Domain" />
        <property name="platform" value="PlayMode" />
        <property name="EditorOnly" value="False" />
      </properties>
      <test-suite type="TestSuite" id="1005" name="Match3Lab" fullname="Match3Lab" runstate="Runnable" testcasecount="2" result="Passed" start-time="2026-09-05 17:14:43Z" end-time="2026-09-05 17:14:49Z" duration="6.611227" total="2" passed="2" failed="0" inconclusive="0" skipped="0" asserts="0">
        <properties />
        <test-suite type="TestSuite" id="1006" name="Tests" fullname="Match3Lab.Tests" runstate="Runnable" testcasecount="2" result="Passed" start-time="2026-09-05 17:14:43Z" end-time="2026-09-05 17:14:49Z" duration="6.610890" total="2" passed="2" failed="0" inconclusive="0" skipped="0" asserts="0">
          <properties />
          <test-suite type="TestFixture" id="1001" name="DemoSceneSmokeTests" fullname="Match3Lab.Tests.DemoSceneSmokeTests" classname="Match3Lab.Tests.DemoSceneSmokeTests" runstate="Runnable" testcasecount="2" result="Passed" start-time="2026-09-05 17:14:43Z" end-time="2026-09-05 17:14:49Z" duration="6.609622" total="2" passed="2" failed="0" inconclusive="0" skipped="0" asserts="0">
            <properties />
            <test-case id="1002" name="Bot_plays_several_moves_on_the_first_level_without_errors" fullname="Match3Lab.Tests.DemoSceneSmokeTests.Bot_plays_several_moves_on_the_first_level_without_errors" methodname="Bot_plays_several_moves_on_the_first_level_without_errors" classname="Match3Lab.Tests.DemoSceneSmokeTests" runstate="Runnable" seed="1044567657" result="Passed" start-time="2026-09-05 17:14:43Z" end-time="2026-09-05 17:14:49Z" duration="6.514948" asserts="0">
              <properties>
                <property name="_JOINTYPE" value="UnityCombinatorial" />
                <property name="retryIteration" value="0" />
                <property name="repeatIteration" value="0" />
              </properties>
            </test-case>
            <test-case id="1003" name="Loading_every_shipped_level_starts_a_playable_game" fullname="Match3Lab.Tests.DemoSceneSmokeTests.Loading_every_shipped_level_starts_a_playable_game" methodname="Loading_every_shipped_level_starts_a_playable_game" classname="Match3Lab.Tests.DemoSceneSmokeTests" runstate="Runnable" seed="535883433" result="Passed" start-time="2026-09-05 17:14:49Z" end-time="2026-09-05 17:14:49Z" duration="0.082249" asserts="0">
              <properties>
                <property name="_JOINTYPE" value="UnityCombinatorial" />
                <property name="retryIteration" value="0" />
                <property name="repeatIteration" value="0" />
              </properties>
              <output><![CDATA[Saving results to: C:\Users\forev\OneDrive\Belgeler\GitHub\match3-lab\unity-playmode-results.xml
]]></output>
            </test-case>
          </test-suite>
        </test-suite>
      </test-suite>
    </test-suite>
  </test-suite>
</test-run>